[2025-05-20 07:41:33] Received form data: Array
(
    [name] => Johannes Bohn
    [email] => Johannesbohn03@gmail.com
    [message] => dsadsad
)

[2025-05-20 07:41:33] Attempting to send email to info@futurelaunch.de from Johannesbohn03@gmail.com
[2025-05-20 07:41:34] E-Mail Fehler: E-Mail konnte nicht gesendet werden: SMTP authentication failed
[2025-05-20 07:41:34] Stack Trace: #0 {main}
[2025-05-20 07:41:35] Received form data: Array
(
    [name] => Johannes Bohn
    [email] => Johannesbohn03@gmail.com
    [message] => dsadsad
)

[2025-05-20 07:41:35] Attempting to send email to info@futurelaunch.de from Johannesbohn03@gmail.com
[2025-05-20 07:41:35] E-Mail Fehler: E-Mail konnte nicht gesendet werden: SMTP authentication failed
[2025-05-20 07:41:35] Stack Trace: #0 {main}
[2025-05-20 07:42:59] === Starting new mail attempt ===
[2025-05-20 07:42:59] PHP Version: 8.2.12
[2025-05-20 07:42:59] Server Software: Apache/2.4.58 (Win64) OpenSSL/3.1.3 PHP/8.2.12
[2025-05-20 07:42:59] Received form data: Array
(
    [name] => Johannes Bohn
    [email] => Johannesbohn03@gmail.com
    [message] => dsadsad
)

[2025-05-20 07:42:59] Testing SMTP connection...
[2025-05-20 07:43:28] === Starting new mail attempt ===
[2025-05-20 07:43:28] PHP Version: 8.2.12
[2025-05-20 07:43:28] Server Software: Apache/2.4.58 (Win64) OpenSSL/3.1.3 PHP/8.2.12
[2025-05-20 07:43:28] Received form data: Array
(
    [name] => Johannes Bohn
    [email] => Johannesbohn03@gmail.com
    [message] => dsadsad
)

[2025-05-20 07:43:28] Attempting to send email to info@futurelaunch.de from Johannesbohn03@gmail.com
[2025-05-20 07:43:28] E-Mail Fehler: E-Mail konnte nicht gesendet werden: SMTP authentication failed
[2025-05-20 07:43:28] Stack Trace: #0 {main}
[2025-05-20 07:44:18] === Starting new mail attempt ===
[2025-05-20 07:44:18] PHP Version: 8.2.12
[2025-05-20 07:44:18] Server Software: Apache/2.4.58 (Win64) OpenSSL/3.1.3 PHP/8.2.12
[2025-05-20 07:44:18] Document Root: C:/xampp/htdocs
[2025-05-20 07:44:18] Script Path: C:\xampp\htdocs\LeqendAIO\futurelaunch.de\script\send-contact.php
[2025-05-20 07:44:18] Received form data: Array
(
    [name] => Johannes Bohn
    [email] => Johannesbohn03@gmail.com
    [message] => dsadsad
)

[2025-05-20 07:44:18] Attempting to send email to info@futurelaunch.de from Johannesbohn03@gmail.com
[2025-05-20 07:44:19] E-Mail Fehler: E-Mail konnte nicht gesendet werden: SMTP authentication failed
[2025-05-20 07:44:19] Stack Trace: #0 {main}
[2025-05-20 07:44:20] === Starting new mail attempt ===
[2025-05-20 07:44:20] PHP Version: 8.2.12
[2025-05-20 07:44:20] Server Software: Apache/2.4.58 (Win64) OpenSSL/3.1.3 PHP/8.2.12
[2025-05-20 07:44:20] Document Root: C:/xampp/htdocs
[2025-05-20 07:44:20] Script Path: C:\xampp\htdocs\LeqendAIO\futurelaunch.de\script\send-contact.php
[2025-05-20 07:44:20] Received form data: Array
(
    [name] => Johannes Bohn
    [email] => Johannesbohn03@gmail.com
    [message] => dsadsad
)

[2025-05-20 07:44:20] Attempting to send email to info@futurelaunch.de from Johannesbohn03@gmail.com
[2025-05-20 07:44:20] E-Mail Fehler: E-Mail konnte nicht gesendet werden: SMTP authentication failed
[2025-05-20 07:44:20] Stack Trace: #0 {main}
[2025-05-20 07:48:13] === Starting new mail attempt ===
[2025-05-20 07:48:13] PHP Version: 8.2.12
[2025-05-20 07:48:13] Server Software: Apache/2.4.58 (Win64) OpenSSL/3.1.3 PHP/8.2.12
[2025-05-20 07:48:13] Document Root: C:/xampp/htdocs
[2025-05-20 07:48:13] Script Path: C:\xampp\htdocs\LeqendAIO\futurelaunch.de\script\send-contact.php
[2025-05-20 07:48:13] Received form data: Array
(
    [name] => Johannes Bohn
    [email] => Johannesbohn03@gmail.com
    [message] => dsadsad
)

[2025-05-20 07:48:13] Saved message to CSV file: C:\xampp\htdocs\LeqendAIO\futurelaunch.de\script/../csv/contact_messages.csv
[2025-05-20 07:48:13] Attempting to send email to your.gmail@gmail.com from Johannesbohn03@gmail.com
[2025-05-20 07:48:14] E-Mail Fehler: E-Mail konnte nicht gesendet werden: SMTP authentication failed
[2025-05-20 07:48:14] Stack Trace: #0 {main}
[2025-05-20 07:48:14] Returning success response because message was saved to CSV
[2025-05-20 07:50:25] === Starting new mail attempt ===
[2025-05-20 07:50:25] PHP Version: 8.2.12
[2025-05-20 07:50:25] Server Software: Apache/2.4.58 (Win64) OpenSSL/3.1.3 PHP/8.2.12
[2025-05-20 07:50:25] Document Root: C:/xampp/htdocs
[2025-05-20 07:50:25] Script Path: C:\xampp\htdocs\LeqendAIO\futurelaunch.de\script\send-contact.php
[2025-05-20 07:50:25] Received form data: Array
(
    [name] => Johannes Bohn
    [email] => Johannesbohn03@gmail.com
    [message] => asddsaasd
)

[2025-05-20 07:50:25] Saved message to CSV file: C:\xampp\htdocs\LeqendAIO\futurelaunch.de\script/../csv/contact_messages.csv
[2025-05-20 07:50:25] Attempting to send email to johannesbohn03@gmail.com from Johannesbohn03@gmail.com
[2025-05-20 07:50:26] E-Mail erfolgreich gesendet an johannesbohn03@gmail.com von Johannesbohn03@gmail.com
=== Starting contact form submission ===
Raw data received: {"name":"Johannes Bohn","email":"johannesbohn03@gmail.com","message":"dsada"}
Decoded data: Array
(
    [name] => Johannes Bohn
    [email] => johannesbohn03@gmail.com
    [message] => dsada
)

Contact form data saved to CSV
Email sending failed, but data saved to CSV
[20-May-2025 21:54:32 Europe/Berlin] PHP Warning:  require(PHPMailer/PHPMailer.php): Failed to open stream: No such file or directory in C:\xampp\htdocs\LeqendAIO\futurelaunch.de\script\send-contact.php on line 12
[20-May-2025 21:54:32 Europe/Berlin] PHP Fatal error:  Uncaught Error: Failed opening required 'PHPMailer/PHPMailer.php' (include_path='C:\xampp\php\PEAR') in C:\xampp\htdocs\LeqendAIO\futurelaunch.de\script\send-contact.php:12
Stack trace:
#0 {main}
  thrown in C:\xampp\htdocs\LeqendAIO\futurelaunch.de\script\send-contact.php on line 12
[20-May-2025 21:54:33 Europe/Berlin] PHP Warning:  require(PHPMailer/PHPMailer.php): Failed to open stream: No such file or directory in C:\xampp\htdocs\LeqendAIO\futurelaunch.de\script\send-contact.php on line 12
[20-May-2025 21:54:33 Europe/Berlin] PHP Fatal error:  Uncaught Error: Failed opening required 'PHPMailer/PHPMailer.php' (include_path='C:\xampp\php\PEAR') in C:\xampp\htdocs\LeqendAIO\futurelaunch.de\script\send-contact.php:12
Stack trace:
#0 {main}
  thrown in C:\xampp\htdocs\LeqendAIO\futurelaunch.de\script\send-contact.php on line 12
[20-May-2025 21:54:34 Europe/Berlin] PHP Warning:  require(PHPMailer/PHPMailer.php): Failed to open stream: No such file or directory in C:\xampp\htdocs\LeqendAIO\futurelaunch.de\script\send-contact.php on line 12
[20-May-2025 21:54:34 Europe/Berlin] PHP Fatal error:  Uncaught Error: Failed opening required 'PHPMailer/PHPMailer.php' (include_path='C:\xampp\php\PEAR') in C:\xampp\htdocs\LeqendAIO\futurelaunch.de\script\send-contact.php:12
Stack trace:
#0 {main}
  thrown in C:\xampp\htdocs\LeqendAIO\futurelaunch.de\script\send-contact.php on line 12
[20-May-2025 21:54:35 Europe/Berlin] PHP Warning:  require(PHPMailer/PHPMailer.php): Failed to open stream: No such file or directory in C:\xampp\htdocs\LeqendAIO\futurelaunch.de\script\send-contact.php on line 12
[20-May-2025 21:54:35 Europe/Berlin] PHP Fatal error:  Uncaught Error: Failed opening required 'PHPMailer/PHPMailer.php' (include_path='C:\xampp\php\PEAR') in C:\xampp\htdocs\LeqendAIO\futurelaunch.de\script\send-contact.php:12
Stack trace:
#0 {main}
  thrown in C:\xampp\htdocs\LeqendAIO\futurelaunch.de\script\send-contact.php on line 12
[20-May-2025 21:54:35 Europe/Berlin] PHP Warning:  require(PHPMailer/PHPMailer.php): Failed to open stream: No such file or directory in C:\xampp\htdocs\LeqendAIO\futurelaunch.de\script\send-contact.php on line 12
[20-May-2025 21:54:35 Europe/Berlin] PHP Fatal error:  Uncaught Error: Failed opening required 'PHPMailer/PHPMailer.php' (include_path='C:\xampp\php\PEAR') in C:\xampp\htdocs\LeqendAIO\futurelaunch.de\script\send-contact.php:12
Stack trace:
#0 {main}
  thrown in C:\xampp\htdocs\LeqendAIO\futurelaunch.de\script\send-contact.php on line 12
[20-May-2025 21:54:35 Europe/Berlin] PHP Warning:  require(PHPMailer/PHPMailer.php): Failed to open stream: No such file or directory in C:\xampp\htdocs\LeqendAIO\futurelaunch.de\script\send-contact.php on line 12
[20-May-2025 21:54:35 Europe/Berlin] PHP Fatal error:  Uncaught Error: Failed opening required 'PHPMailer/PHPMailer.php' (include_path='C:\xampp\php\PEAR') in C:\xampp\htdocs\LeqendAIO\futurelaunch.de\script\send-contact.php:12
Stack trace:
#0 {main}
  thrown in C:\xampp\htdocs\LeqendAIO\futurelaunch.de\script\send-contact.php on line 12
=== Starting contact form submission ===
Raw data received: {"name":"Johannes Bohn","email":"johannesbohn03@gmail.com","message":"dasdad"}
Decoded data: Array
(
    [name] => Johannes Bohn
    [email] => johannesbohn03@gmail.com
    [message] => dasdad
)

Contact form data saved to CSV
Email sending failed using mail() function
=== Starting contact form submission ===
Raw data received: {"name":"Johannes Bohn","email":"johannesbohn03@gmail.com","message":" bkmnghjlifghikufziji"}
Decoded data: Array
(
    [name] => Johannes Bohn
    [email] => johannesbohn03@gmail.com
    [message] =>  bkmnghjlifghikufziji
)

Contact form data saved to CSV
Email sending failed using mail() function
=== Starting contact form submission ===
Raw data received: {"name":"Johannes Bohn","email":"johannesbohn03@gmail.com","message":"sadada"}
Decoded data: Array
(
    [name] => Johannes Bohn
    [email] => johannesbohn03@gmail.com
    [message] => sadada
)

Contact form data saved to CSV
Email sending failed using mail() function
=== Starting contact form submission ===
Raw data received: {"name":"Johannes Bohn","email":"johannesbohn03@gmail.com","message":"asdad"}
Decoded data: Array
(
    [name] => Johannes Bohn
    [email] => johannesbohn03@gmail.com
    [message] => asdad
)

Contact form data saved to CSV
Email sent successfully
=== Starting contact form submission ===
Raw data received: {"name":"Emma Günther","email":"johannesbohn03@gmail.com","message":"asdadsad"}
Decoded data: Array
(
    [name] => Emma Günther
    [email] => johannesbohn03@gmail.com
    [message] => asdadsad
)

Contact form data saved to CSV
Email sent successfully
=== Starting contact form submission ===
Raw data received: {"name":"Johannes Bohns","email":"johannesbohn03@gmail.com","message":"dadsa"}
Decoded data: Array
(
    [name] => Johannes Bohns
    [email] => johannesbohn03@gmail.com
    [message] => dadsa
)

Contact form data saved to CSV
[22-May-2025 09:25:30 Europe/Berlin] PHP Warning:  mail(): SMTP server response: 530-5.7.0 Must issue a STARTTLS command first. For more information, go to
530-5.7.0  https://support.google.com/a/answer/3221692 and review RFC 3207
530 5.7.0 specifications. a640c23a62f3a-ad52d44205asm1042799066b.100 - gsmtp in C:\xampp\htdocs\futurelaunch.de\script\send-contact.php on line 117
Email sending failed using mail() function
=== Starting contact form submission ===
Raw data received: {"name":"Johannes Bohn","email":"johannesbohn03@gmail.com","message":"Hallo test\n"}
Decoded data: Array
(
    [name] => Johannes Bohn
    [email] => johannesbohn03@gmail.com
    [message] => Hallo test

)

Contact form data saved to CSV
[22-May-2025 09:26:05 Europe/Berlin] PHP Warning:  mail(): SMTP server response: 530-5.7.0 Must issue a STARTTLS command first. For more information, go to
530-5.7.0  https://support.google.com/a/answer/3221692 and review RFC 3207
530 5.7.0 specifications. a640c23a62f3a-ad52d4383f8sm1026800966b.113 - gsmtp in C:\xampp\htdocs\futurelaunch.de\script\send-contact.php on line 117
Email sending failed using mail() function
[22-May-2025 09:38:20 Europe/Berlin] PHP Warning:  require(vendor/autoload.php): Failed to open stream: No such file or directory in C:\xampp\htdocs\futurelaunch.de\script\send-contact.php on line 9
[22-May-2025 09:38:20 Europe/Berlin] PHP Fatal error:  Uncaught Error: Failed opening required 'vendor/autoload.php' (include_path='C:\xampp\php\PEAR') in C:\xampp\htdocs\futurelaunch.de\script\send-contact.php:9
Stack trace:
#0 {main}
  thrown in C:\xampp\htdocs\futurelaunch.de\script\send-contact.php on line 9
[22-May-2025 09:40:05 Europe/Berlin] PHP Warning:  require(vendor/autoload.php): Failed to open stream: No such file or directory in C:\xampp\htdocs\futurelaunch.de\script\send-contact.php on line 9
[22-May-2025 09:40:05 Europe/Berlin] PHP Fatal error:  Uncaught Error: Failed opening required 'vendor/autoload.php' (include_path='C:\xampp\php\PEAR') in C:\xampp\htdocs\futurelaunch.de\script\send-contact.php:9
Stack trace:
#0 {main}
  thrown in C:\xampp\htdocs\futurelaunch.de\script\send-contact.php on line 9
[22-May-2025 09:40:05 Europe/Berlin] PHP Warning:  require(vendor/autoload.php): Failed to open stream: No such file or directory in C:\xampp\htdocs\futurelaunch.de\script\send-contact.php on line 9
[22-May-2025 09:40:05 Europe/Berlin] PHP Fatal error:  Uncaught Error: Failed opening required 'vendor/autoload.php' (include_path='C:\xampp\php\PEAR') in C:\xampp\htdocs\futurelaunch.de\script\send-contact.php:9
Stack trace:
#0 {main}
  thrown in C:\xampp\htdocs\futurelaunch.de\script\send-contact.php on line 9
PHPMailer not found - please install via Composer or manually
PHPMailer not found - please install via Composer or manually
=== Starting contact form submission ===
Raw data received: {"name":"Johannes Bohn","email":"johannesbohn03@gmail.com","message":"dadasd"}
Decoded data: Array
(
    [name] => Johannes Bohn
    [email] => johannesbohn03@gmail.com
    [message] => dadasd
)

Contact form data saved to CSV
Email sent successfully
=== REQUEST INFO ===REQUEST_METHOD: POSTREQUEST_URI: /script/send-contact.phpHTTP_ORIGIN: http://localhost:8000=== Starting contact form submission ===
Form data received via POST
Contact form data saved to CSV: C:\xampp\htdocs\LeqendAIO\futurelaunch.de\script/../csv/contact_messages.csv
Autoloader found at: C:\xampp\htdocs\LeqendAIO\futurelaunch.de\script/vendor/autoload.php
PHPMailer error: SMTP Error: Could not authenticate.
Simple mail sending failed: Unknown error
Mail not sent, but CSV saved. Response marked as success.
=== REQUEST INFO ===REQUEST_METHOD: POSTREQUEST_URI: /script/send-contact.phpHTTP_ORIGIN: http://localhost:8000=== Starting contact form submission ===
Form data received via POST
Contact form data saved to CSV: C:\xampp\htdocs\LeqendAIO\futurelaunch.de\script/../csv/contact_messages.csv
Autoloader found at: C:\xampp\htdocs\LeqendAIO\futurelaunch.de\script/vendor/autoload.php
PHPMailer error: SMTP Error: Could not authenticate.
Simple mail sending failed: Unknown error
Mail not sent, but CSV saved. Response marked as success.
=== REQUEST INFO ===REQUEST_METHOD: POSTREQUEST_URI: /script/send-contact.phpHTTP_ORIGIN: http://localhost:8000=== Starting contact form submission ===
Form data received via POST
Contact form data saved to CSV: C:\xampp\htdocs\LeqendAIO\futurelaunch.de\script/../csv/contact_messages.csv
Autoloader found at: C:\xampp\htdocs\LeqendAIO\futurelaunch.de\script/vendor/autoload.php
PHPMailer error: SMTP Error: Could not authenticate.
Simple mail sending failed: Unknown error
Mail not sent, but CSV saved. Response marked as success.
=== Starting contact form submission ===
Contact form data saved to CSV: C:\xampp\htdocs\LeqendAIO\futurelaunch.de\script/../csv/contact_messages.csv
Autoloader found at: C:\xampp\htdocs\LeqendAIO\futurelaunch.de\script/vendor/autoload.php
PHPMailer error: SMTP Error: Could not authenticate.
Simple mail sending failed: Unknown error
Mail not sent, but CSV saved. Response marked as success.
=== Starting contact form submission ===
Contact form data saved to CSV: C:\xampp\htdocs\LeqendAIO\futurelaunch.de\script/../csv/contact_messages.csv
Autoloader found at: C:\xampp\htdocs\LeqendAIO\futurelaunch.de\script/vendor/autoload.php
PHPMailer error: SMTP Error: Could not authenticate.
Simple mail sending failed: Unknown error
Mail not sent, but CSV saved. Response marked as success.
=== Starting contact form submission ===
Contact form data saved to CSV: C:\xampp\htdocs\LeqendAIO\futurelaunch.de\script/../csv/contact_messages.csv
Autoloader found at: C:\xampp\htdocs\LeqendAIO\futurelaunch.de\script/vendor/autoload.php
PHPMailer error: SMTP Error: Could not authenticate.
Simple mail sending failed: Unknown error
Mail not sent, but CSV saved. Response marked as success.
